Building DAG of jobs...
Using shell: /usr/bin/bash
Provided cores: 1 (use --cores to define parallelism)
Rules claiming more threads will be scaled down.
Job stats:
job             count    min threads    max threads
------------  -------  -------------  -------------
all                 1              1              1
enriched_tfs        1              1              1
gkm_predict         1              1              1
gkm_train           1              1              1
total               4              1              1

Select jobs to execute...

[Sun May 15 22:45:41 2022]
rule gkm_train:
    input: data/samples/wgEncodeSydhTfbsGm12878Nfe2hStdAlnRep0.tr.fa, data/samples/wgEncodeSydhTfbsGm12878Nfe2hStdAlnRep0.neg.tr.fa
    output: model/wgEncodeSydhTfbsGm12878Nfe2hStdAlnRep0.9mers.model.txt
    jobid: 4
    wildcards: sample=wgEncodeSydhTfbsGm12878Nfe2hStdAlnRep0, word_length=9
    resources: tmpdir=/tmp

[Sun May 15 22:45:42 2022]
Error in rule gkm_train:
    jobid: 4
    output: model/wgEncodeSydhTfbsGm12878Nfe2hStdAlnRep0.9mers.model.txt
    shell:
        ../lsgkm/bin/gkmtrain -l 9 data/samples/wgEncodeSydhTfbsGm12878Nfe2hStdAlnRep0.tr.fa data/samples/wgEncodeSydhTfbsGm12878Nfe2hStdAlnRep0.neg.tr.fa model/wgEncodeSydhTfbsGm12878Nfe2hStdAlnRep0.9mers
        (one of the commands exited with non-zero exit code; note that snakemake uses bash strict mode!)

Shutting down, this might take some time.
Exiting because a job execution failed. Look above for error message
Complete log: .snakemake/log/2022-05-15T224541.523654.snakemake.log
