Building DAG of jobs...
IncompleteFilesException:
The files below seem to be incomplete. If you are sure that certain files are not incomplete, mark them as complete with

    snakemake --cleanup-metadata <filenames>

To re-generate the files rerun your command with the --rerun-incomplete flag.
Incomplete files:
temp/JASPAR2022_CORE_vertebrates_non-redundant_pfms_meme.9mers.0.fimo.txt
temp/JASPAR2022_CORE_vertebrates_non-redundant_pfms_meme.9mers.1.fimo.txt
temp/JASPAR2022_CORE_vertebrates_non-redundant_pfms_meme.9mers.2.fimo.txt
temp/JASPAR2022_CORE_vertebrates_non-redundant_pfms_meme.9mers.3.fimo.txt
temp/JASPAR2022_CORE_vertebrates_non-redundant_pfms_meme.9mers.4.fimo.txt
temp/JASPAR2022_CORE_vertebrates_non-redundant_pfms_meme.9mers.5.fimo.txt
temp/JASPAR2022_CORE_vertebrates_non-redundant_pfms_meme.9mers.6.fimo.txt
temp/JASPAR2022_CORE_vertebrates_non-redundant_pfms_meme.9mers.8.fimo.txt
temp/JASPAR2022_CORE_vertebrates_non-redundant_pfms_meme.9mers.9.fimo.txt
temp/JASPAR2022_CORE_vertebrates_non-redundant_pfms_meme.9mers.10.fimo.txt
temp/JASPAR2022_CORE_vertebrates_non-redundant_pfms_meme.9mers.11.fimo.txt
temp/JASPAR2022_CORE_vertebrates_non-redundant_pfms_meme.9mers.12.fimo.txt
temp/JASPAR2022_CORE_vertebrates_non-redundant_pfms_meme.9mers.13.fimo.txt
temp/JASPAR2022_CORE_vertebrates_non-redundant_pfms_meme.9mers.15.fimo.txt
temp/JASPAR2022_CORE_vertebrates_non-redundant_pfms_meme.9mers.16.fimo.txt
