Building DAG of jobs...
Using shell: /usr/bin/bash
Provided cluster nodes: 17
Job stats:
job                     count    min threads    max threads
--------------------  -------  -------------  -------------
combine_fimo_output         1              1              1
generate_tf_database        1              1              1
run_fimo                   17              1              1
split_motifs                1              1              1
total                      20              1              1

Select jobs to execute...

[Tue May 24 10:51:47 2022]
rule split_motifs:
    input: data/tf_database/JASPAR2022_CORE_vertebrates_non-redundant_pfms_meme.txt
    output: temp/JASPAR2022_CORE_vertebrates_non-redundant_pfms_meme.0.txt, temp/JASPAR2022_CORE_vertebrates_non-redundant_pfms_meme.1.txt, temp/JASPAR2022_CORE_vertebrates_non-redundant_pfms_meme.2.txt, temp/JASPAR2022_CORE_vertebrates_non-redundant_pfms_meme.3.txt, temp/JASPAR2022_CORE_vertebrates_non-redundant_pfms_meme.4.txt, temp/JASPAR2022_CORE_vertebrates_non-redundant_pfms_meme.5.txt, temp/JASPAR2022_CORE_vertebrates_non-redundant_pfms_meme.6.txt, temp/JASPAR2022_CORE_vertebrates_non-redundant_pfms_meme.7.txt, temp/JASPAR2022_CORE_vertebrates_non-redundant_pfms_meme.8.txt, temp/JASPAR2022_CORE_vertebrates_non-redundant_pfms_meme.9.txt, temp/JASPAR2022_CORE_vertebrates_non-redundant_pfms_meme.10.txt, temp/JASPAR2022_CORE_vertebrates_non-redundant_pfms_meme.11.txt, temp/JASPAR2022_CORE_vertebrates_non-redundant_pfms_meme.12.txt, temp/JASPAR2022_CORE_vertebrates_non-redundant_pfms_meme.13.txt, temp/JASPAR2022_CORE_vertebrates_non-redundant_pfms_meme.14.txt, temp/JASPAR2022_CORE_vertebrates_non-redundant_pfms_meme.15.txt, temp/JASPAR2022_CORE_vertebrates_non-redundant_pfms_meme.16.txt
    jobid: 4
    wildcards: tf_database_file=JASPAR2022_CORE_vertebrates_non-redundant_pfms_meme
    resources: mem_mb=1000, disk_mb=1000, tmpdir=/tmp

Submitted job 4 with external jobid 'Submitted batch job 17284468'.
[Tue May 24 10:51:57 2022]
Finished job 4.
1 of 20 steps (5%) done
Select jobs to execute...

[Tue May 24 10:51:57 2022]
rule run_fimo:
    input: data/9mers.fa, temp/JASPAR2022_CORE_vertebrates_non-redundant_pfms_meme.5.txt
    output: temp/JASPAR2022_CORE_vertebrates_non-redundant_pfms_meme.9mers.5.fimo.txt
    jobid: 9
    wildcards: tf_database_file=JASPAR2022_CORE_vertebrates_non-redundant_pfms_meme, word_length=9, i=5
    resources: mem_mb=1000, disk_mb=1000, tmpdir=/tmp

Submitted job 9 with external jobid 'Submitted batch job 17284471'.

[Tue May 24 10:51:57 2022]
rule run_fimo:
    input: data/9mers.fa, temp/JASPAR2022_CORE_vertebrates_non-redundant_pfms_meme.9.txt
    output: temp/JASPAR2022_CORE_vertebrates_non-redundant_pfms_meme.9mers.9.fimo.txt
    jobid: 13
    wildcards: tf_database_file=JASPAR2022_CORE_vertebrates_non-redundant_pfms_meme, word_length=9, i=9
    resources: mem_mb=1000, disk_mb=1000, tmpdir=/tmp

Submitted job 13 with external jobid 'Submitted batch job 17284472'.

[Tue May 24 10:51:57 2022]
rule run_fimo:
    input: data/9mers.fa, temp/JASPAR2022_CORE_vertebrates_non-redundant_pfms_meme.2.txt
    output: temp/JASPAR2022_CORE_vertebrates_non-redundant_pfms_meme.9mers.2.fimo.txt
    jobid: 6
    wildcards: tf_database_file=JASPAR2022_CORE_vertebrates_non-redundant_pfms_meme, word_length=9, i=2
    resources: mem_mb=1000, disk_mb=1000, tmpdir=/tmp

Submitted job 6 with external jobid 'Submitted batch job 17284473'.

[Tue May 24 10:51:57 2022]
rule run_fimo:
    input: data/9mers.fa, temp/JASPAR2022_CORE_vertebrates_non-redundant_pfms_meme.16.txt
    output: temp/JASPAR2022_CORE_vertebrates_non-redundant_pfms_meme.9mers.16.fimo.txt
    jobid: 20
    wildcards: tf_database_file=JASPAR2022_CORE_vertebrates_non-redundant_pfms_meme, word_length=9, i=16
    resources: mem_mb=1000, disk_mb=1000, tmpdir=/tmp

Submitted job 20 with external jobid 'Submitted batch job 17284474'.

[Tue May 24 10:51:57 2022]
rule run_fimo:
    input: data/9mers.fa, temp/JASPAR2022_CORE_vertebrates_non-redundant_pfms_meme.11.txt
    output: temp/JASPAR2022_CORE_vertebrates_non-redundant_pfms_meme.9mers.11.fimo.txt
    jobid: 15
    wildcards: tf_database_file=JASPAR2022_CORE_vertebrates_non-redundant_pfms_meme, word_length=9, i=11
    resources: mem_mb=1000, disk_mb=1000, tmpdir=/tmp

Submitted job 15 with external jobid 'Submitted batch job 17284475'.

[Tue May 24 10:51:57 2022]
rule run_fimo:
    input: data/9mers.fa, temp/JASPAR2022_CORE_vertebrates_non-redundant_pfms_meme.4.txt
    output: temp/JASPAR2022_CORE_vertebrates_non-redundant_pfms_meme.9mers.4.fimo.txt
    jobid: 8
    wildcards: tf_database_file=JASPAR2022_CORE_vertebrates_non-redundant_pfms_meme, word_length=9, i=4
    resources: mem_mb=1000, disk_mb=1000, tmpdir=/tmp

Submitted job 8 with external jobid 'Submitted batch job 17284476'.

[Tue May 24 10:51:57 2022]
rule run_fimo:
    input: data/9mers.fa, temp/JASPAR2022_CORE_vertebrates_non-redundant_pfms_meme.13.txt
    output: temp/JASPAR2022_CORE_vertebrates_non-redundant_pfms_meme.9mers.13.fimo.txt
    jobid: 17
    wildcards: tf_database_file=JASPAR2022_CORE_vertebrates_non-redundant_pfms_meme, word_length=9, i=13
    resources: mem_mb=1000, disk_mb=1000, tmpdir=/tmp

Submitted job 17 with external jobid 'Submitted batch job 17284477'.

[Tue May 24 10:51:57 2022]
rule run_fimo:
    input: data/9mers.fa, temp/JASPAR2022_CORE_vertebrates_non-redundant_pfms_meme.6.txt
    output: temp/JASPAR2022_CORE_vertebrates_non-redundant_pfms_meme.9mers.6.fimo.txt
    jobid: 10
    wildcards: tf_database_file=JASPAR2022_CORE_vertebrates_non-redundant_pfms_meme, word_length=9, i=6
    resources: mem_mb=1000, disk_mb=1000, tmpdir=/tmp

Submitted job 10 with external jobid 'Submitted batch job 17284478'.

[Tue May 24 10:51:57 2022]
rule run_fimo:
    input: data/9mers.fa, temp/JASPAR2022_CORE_vertebrates_non-redundant_pfms_meme.1.txt
    output: temp/JASPAR2022_CORE_vertebrates_non-redundant_pfms_meme.9mers.1.fimo.txt
    jobid: 5
    wildcards: tf_database_file=JASPAR2022_CORE_vertebrates_non-redundant_pfms_meme, word_length=9, i=1
    resources: mem_mb=1000, disk_mb=1000, tmpdir=/tmp

Submitted job 5 with external jobid 'Submitted batch job 17284479'.

[Tue May 24 10:51:57 2022]
rule run_fimo:
    input: data/9mers.fa, temp/JASPAR2022_CORE_vertebrates_non-redundant_pfms_meme.15.txt
    output: temp/JASPAR2022_CORE_vertebrates_non-redundant_pfms_meme.9mers.15.fimo.txt
    jobid: 19
    wildcards: tf_database_file=JASPAR2022_CORE_vertebrates_non-redundant_pfms_meme, word_length=9, i=15
    resources: mem_mb=1000, disk_mb=1000, tmpdir=/tmp

Submitted job 19 with external jobid 'Submitted batch job 17284480'.

[Tue May 24 10:51:58 2022]
rule run_fimo:
    input: data/9mers.fa, temp/JASPAR2022_CORE_vertebrates_non-redundant_pfms_meme.8.txt
    output: temp/JASPAR2022_CORE_vertebrates_non-redundant_pfms_meme.9mers.8.fimo.txt
    jobid: 12
    wildcards: tf_database_file=JASPAR2022_CORE_vertebrates_non-redundant_pfms_meme, word_length=9, i=8
    resources: mem_mb=1000, disk_mb=1000, tmpdir=/tmp

Submitted job 12 with external jobid 'Submitted batch job 17284481'.

[Tue May 24 10:51:58 2022]
rule run_fimo:
    input: data/9mers.fa, temp/JASPAR2022_CORE_vertebrates_non-redundant_pfms_meme.10.txt
    output: temp/JASPAR2022_CORE_vertebrates_non-redundant_pfms_meme.9mers.10.fimo.txt
    jobid: 14
    wildcards: tf_database_file=JASPAR2022_CORE_vertebrates_non-redundant_pfms_meme, word_length=9, i=10
    resources: mem_mb=1000, disk_mb=1000, tmpdir=/tmp

Submitted job 14 with external jobid 'Submitted batch job 17284482'.

[Tue May 24 10:51:58 2022]
rule run_fimo:
    input: data/9mers.fa, temp/JASPAR2022_CORE_vertebrates_non-redundant_pfms_meme.3.txt
    output: temp/JASPAR2022_CORE_vertebrates_non-redundant_pfms_meme.9mers.3.fimo.txt
    jobid: 7
    wildcards: tf_database_file=JASPAR2022_CORE_vertebrates_non-redundant_pfms_meme, word_length=9, i=3
    resources: mem_mb=1000, disk_mb=1000, tmpdir=/tmp

Submitted job 7 with external jobid 'Submitted batch job 17284483'.

[Tue May 24 10:51:58 2022]
rule run_fimo:
    input: data/9mers.fa, temp/JASPAR2022_CORE_vertebrates_non-redundant_pfms_meme.0.txt
    output: temp/JASPAR2022_CORE_vertebrates_non-redundant_pfms_meme.9mers.0.fimo.txt
    jobid: 2
    wildcards: tf_database_file=JASPAR2022_CORE_vertebrates_non-redundant_pfms_meme, word_length=9, i=0
    resources: mem_mb=1000, disk_mb=1000, tmpdir=/tmp

Submitted job 2 with external jobid 'Submitted batch job 17284484'.

[Tue May 24 10:51:58 2022]
rule run_fimo:
    input: data/9mers.fa, temp/JASPAR2022_CORE_vertebrates_non-redundant_pfms_meme.12.txt
    output: temp/JASPAR2022_CORE_vertebrates_non-redundant_pfms_meme.9mers.12.fimo.txt
    jobid: 16
    wildcards: tf_database_file=JASPAR2022_CORE_vertebrates_non-redundant_pfms_meme, word_length=9, i=12
    resources: mem_mb=1000, disk_mb=1000, tmpdir=/tmp

Submitted job 16 with external jobid 'Submitted batch job 17284485'.

[Tue May 24 10:51:58 2022]
rule run_fimo:
    input: data/9mers.fa, temp/JASPAR2022_CORE_vertebrates_non-redundant_pfms_meme.14.txt
    output: temp/JASPAR2022_CORE_vertebrates_non-redundant_pfms_meme.9mers.14.fimo.txt
    jobid: 18
    wildcards: tf_database_file=JASPAR2022_CORE_vertebrates_non-redundant_pfms_meme, word_length=9, i=14
    resources: mem_mb=1000, disk_mb=1000, tmpdir=/tmp

Submitted job 18 with external jobid 'Submitted batch job 17284486'.

[Tue May 24 10:51:58 2022]
rule run_fimo:
    input: data/9mers.fa, temp/JASPAR2022_CORE_vertebrates_non-redundant_pfms_meme.7.txt
    output: temp/JASPAR2022_CORE_vertebrates_non-redundant_pfms_meme.9mers.7.fimo.txt
    jobid: 11
    wildcards: tf_database_file=JASPAR2022_CORE_vertebrates_non-redundant_pfms_meme, word_length=9, i=7
    resources: mem_mb=1000, disk_mb=1000, tmpdir=/tmp

Submitted job 11 with external jobid 'Submitted batch job 17284487'.
[Tue May 24 10:59:50 2022]
Finished job 8.
2 of 20 steps (10%) done
Removing temporary output temp/JASPAR2022_CORE_vertebrates_non-redundant_pfms_meme.4.txt.
[Tue May 24 11:00:01 2022]
Finished job 6.
3 of 20 steps (15%) done
Removing temporary output temp/JASPAR2022_CORE_vertebrates_non-redundant_pfms_meme.2.txt.
[Tue May 24 11:00:23 2022]
Finished job 17.
4 of 20 steps (20%) done
Removing temporary output temp/JASPAR2022_CORE_vertebrates_non-redundant_pfms_meme.13.txt.
[Tue May 24 11:00:23 2022]
Finished job 5.
5 of 20 steps (25%) done
Removing temporary output temp/JASPAR2022_CORE_vertebrates_non-redundant_pfms_meme.1.txt.
[Tue May 24 11:00:24 2022]
Finished job 16.
6 of 20 steps (30%) done
Removing temporary output temp/JASPAR2022_CORE_vertebrates_non-redundant_pfms_meme.12.txt.
[Tue May 24 11:00:45 2022]
Finished job 15.
7 of 20 steps (35%) done
Removing temporary output temp/JASPAR2022_CORE_vertebrates_non-redundant_pfms_meme.11.txt.
[Tue May 24 11:00:56 2022]
Finished job 9.
8 of 20 steps (40%) done
Removing temporary output temp/JASPAR2022_CORE_vertebrates_non-redundant_pfms_meme.5.txt.
[Tue May 24 11:01:07 2022]
Finished job 14.
9 of 20 steps (45%) done
Removing temporary output temp/JASPAR2022_CORE_vertebrates_non-redundant_pfms_meme.10.txt.
[Tue May 24 11:01:18 2022]
Finished job 7.
10 of 20 steps (50%) done
Removing temporary output temp/JASPAR2022_CORE_vertebrates_non-redundant_pfms_meme.3.txt.
[Tue May 24 11:01:38 2022]
Finished job 10.
11 of 20 steps (55%) done
Removing temporary output temp/JASPAR2022_CORE_vertebrates_non-redundant_pfms_meme.6.txt.
[Tue May 24 11:01:48 2022]
Finished job 19.
12 of 20 steps (60%) done
Removing temporary output temp/JASPAR2022_CORE_vertebrates_non-redundant_pfms_meme.15.txt.
[Tue May 24 11:01:58 2022]
Finished job 12.
13 of 20 steps (65%) done
Removing temporary output temp/JASPAR2022_CORE_vertebrates_non-redundant_pfms_meme.8.txt.
[Tue May 24 11:02:18 2022]
Finished job 2.
14 of 20 steps (70%) done
Removing temporary output temp/JASPAR2022_CORE_vertebrates_non-redundant_pfms_meme.0.txt.
[Tue May 24 11:03:48 2022]
Finished job 13.
15 of 20 steps (75%) done
Removing temporary output temp/JASPAR2022_CORE_vertebrates_non-redundant_pfms_meme.9.txt.
[Tue May 24 11:03:48 2022]
Finished job 20.
16 of 20 steps (80%) done
Removing temporary output temp/JASPAR2022_CORE_vertebrates_non-redundant_pfms_meme.16.txt.
[Tue May 24 11:09:48 2022]
Finished job 18.
17 of 20 steps (85%) done
Removing temporary output temp/JASPAR2022_CORE_vertebrates_non-redundant_pfms_meme.14.txt.
[Tue May 24 11:12:19 2022]
Finished job 11.
18 of 20 steps (90%) done
Removing temporary output temp/JASPAR2022_CORE_vertebrates_non-redundant_pfms_meme.7.txt.
Select jobs to execute...

[Tue May 24 11:12:19 2022]
rule combine_fimo_output:
    input: temp/JASPAR2022_CORE_vertebrates_non-redundant_pfms_meme.9mers.0.fimo.txt, temp/JASPAR2022_CORE_vertebrates_non-redundant_pfms_meme.9mers.1.fimo.txt, temp/JASPAR2022_CORE_vertebrates_non-redundant_pfms_meme.9mers.2.fimo.txt, temp/JASPAR2022_CORE_vertebrates_non-redundant_pfms_meme.9mers.3.fimo.txt, temp/JASPAR2022_CORE_vertebrates_non-redundant_pfms_meme.9mers.4.fimo.txt, temp/JASPAR2022_CORE_vertebrates_non-redundant_pfms_meme.9mers.5.fimo.txt, temp/JASPAR2022_CORE_vertebrates_non-redundant_pfms_meme.9mers.6.fimo.txt, temp/JASPAR2022_CORE_vertebrates_non-redundant_pfms_meme.9mers.7.fimo.txt, temp/JASPAR2022_CORE_vertebrates_non-redundant_pfms_meme.9mers.8.fimo.txt, temp/JASPAR2022_CORE_vertebrates_non-redundant_pfms_meme.9mers.9.fimo.txt, temp/JASPAR2022_CORE_vertebrates_non-redundant_pfms_meme.9mers.10.fimo.txt, temp/JASPAR2022_CORE_vertebrates_non-redundant_pfms_meme.9mers.11.fimo.txt, temp/JASPAR2022_CORE_vertebrates_non-redundant_pfms_meme.9mers.12.fimo.txt, temp/JASPAR2022_CORE_vertebrates_non-redundant_pfms_meme.9mers.13.fimo.txt, temp/JASPAR2022_CORE_vertebrates_non-redundant_pfms_meme.9mers.14.fimo.txt, temp/JASPAR2022_CORE_vertebrates_non-redundant_pfms_meme.9mers.15.fimo.txt, temp/JASPAR2022_CORE_vertebrates_non-redundant_pfms_meme.9mers.16.fimo.txt
    output: data/tf_database/JASPAR2022_CORE_vertebrates_non-redundant_pfms_meme.9mers.fimo.txt
    jobid: 1
    wildcards: tf_database_file=JASPAR2022_CORE_vertebrates_non-redundant_pfms_meme, word_length=9
    resources: mem_mb=1000, disk_mb=1000, tmpdir=/tmp

Submitted job 1 with external jobid 'Submitted batch job 17284569'.
[Tue May 24 11:12:28 2022]
Error in rule combine_fimo_output:
    jobid: 1
    output: data/tf_database/JASPAR2022_CORE_vertebrates_non-redundant_pfms_meme.9mers.fimo.txt
    shell:
        
        grep -v 'motif' temp/JASPAR2022_CORE_vertebrates_non-redundant_pfms_meme.9mers.0.fimo.txt temp/JASPAR2022_CORE_vertebrates_non-redundant_pfms_meme.9mers.1.fimo.txt temp/JASPAR2022_CORE_vertebrates_non-redundant_pfms_meme.9mers.2.fimo.txt temp/JASPAR2022_CORE_vertebrates_non-redundant_pfms_meme.9mers.3.fimo.txt temp/JASPAR2022_CORE_vertebrates_non-redundant_pfms_meme.9mers.4.fimo.txt temp/JASPAR2022_CORE_vertebrates_non-redundant_pfms_meme.9mers.5.fimo.txt temp/JASPAR2022_CORE_vertebrates_non-redundant_pfms_meme.9mers.6.fimo.txt temp/JASPAR2022_CORE_vertebrates_non-redundant_pfms_meme.9mers.7.fimo.txt temp/JASPAR2022_CORE_vertebrates_non-redundant_pfms_meme.9mers.8.fimo.txt temp/JASPAR2022_CORE_vertebrates_non-redundant_pfms_meme.9mers.9.fimo.txt temp/JASPAR2022_CORE_vertebrates_non-redundant_pfms_meme.9mers.10.fimo.txt temp/JASPAR2022_CORE_vertebrates_non-redundant_pfms_meme.9mers.11.fimo.txt temp/JASPAR2022_CORE_vertebrates_non-redundant_pfms_meme.9mers.12.fimo.txt temp/JASPAR2022_CORE_vertebrates_non-redundant_pfms_meme.9mers.13.fimo.txt temp/JASPAR2022_CORE_vertebrates_non-redundant_pfms_meme.9mers.14.fimo.txt temp/JASPAR2022_CORE_vertebrates_non-redundant_pfms_meme.9mers.15.fimo.txt temp/JASPAR2022_CORE_vertebrates_non-redundant_pfms_meme.9mers.16.fimo.txt tmp
        cut -f 2 tmp |         cut -d '_' -f 1 |         paste - tmp |         cut -f 1,2,4 |         sort -u > data/tf_database/JASPAR2022_CORE_vertebrates_non-redundant_pfms_meme.9mers.fimo.txt
        
        (one of the commands exited with non-zero exit code; note that snakemake uses bash strict mode!)
    cluster_jobid: Submitted batch job 17284569

Error executing rule combine_fimo_output on cluster (jobid: 1, external: Submitted batch job 17284569, jobscript: /gpfs/scratch/jtl334/thesis/pipeline/.snakemake/tmp.trqp0ife/snakejob.combine_fimo_output.1.sh). For error details see the cluster log and the log files of the involved rule(s).
Shutting down, this might take some time.
Exiting because a job execution failed. Look above for error message
Complete log: .snakemake/log/2022-05-24T105147.461382.snakemake.log
