Building DAG of jobs...
Using shell: /usr/bin/bash
Provided cores: 10
Rules claiming more threads will be scaled down.
Job stats:
job                    count    min threads    max threads
-------------------  -------  -------------  -------------
combine_fimo_output        1              1              1
run_fimo                  10              1              1
split_motifs               1              1              1
total                     12              1              1

Select jobs to execute...

[Mon May 23 19:44:46 2022]
rule split_motifs:
    input: data/tf_database/JASPAR2022_CORE_vertebrates_non-redundant_pfms_meme.txt
    output: JASPAR2022_CORE_vertebrates_non-redundant_pfms_meme.0.txt, JASPAR2022_CORE_vertebrates_non-redundant_pfms_meme.1.txt, JASPAR2022_CORE_vertebrates_non-redundant_pfms_meme.2.txt, JASPAR2022_CORE_vertebrates_non-redundant_pfms_meme.3.txt, JASPAR2022_CORE_vertebrates_non-redundant_pfms_meme.4.txt, JASPAR2022_CORE_vertebrates_non-redundant_pfms_meme.5.txt, JASPAR2022_CORE_vertebrates_non-redundant_pfms_meme.6.txt, JASPAR2022_CORE_vertebrates_non-redundant_pfms_meme.7.txt, JASPAR2022_CORE_vertebrates_non-redundant_pfms_meme.8.txt, JASPAR2022_CORE_vertebrates_non-redundant_pfms_meme.9.txt
    jobid: 3
    wildcards: tf_database_file=JASPAR2022_CORE_vertebrates_non-redundant_pfms_meme
    resources: tmpdir=/tmp

[Mon May 23 19:44:47 2022]
Error in rule split_motifs:
    jobid: 3
    output: JASPAR2022_CORE_vertebrates_non-redundant_pfms_meme.0.txt, JASPAR2022_CORE_vertebrates_non-redundant_pfms_meme.1.txt, JASPAR2022_CORE_vertebrates_non-redundant_pfms_meme.2.txt, JASPAR2022_CORE_vertebrates_non-redundant_pfms_meme.3.txt, JASPAR2022_CORE_vertebrates_non-redundant_pfms_meme.4.txt, JASPAR2022_CORE_vertebrates_non-redundant_pfms_meme.5.txt, JASPAR2022_CORE_vertebrates_non-redundant_pfms_meme.6.txt, JASPAR2022_CORE_vertebrates_non-redundant_pfms_meme.7.txt, JASPAR2022_CORE_vertebrates_non-redundant_pfms_meme.8.txt, JASPAR2022_CORE_vertebrates_non-redundant_pfms_meme.9.txt

RuleException:
CalledProcessError in line 21 of /gpfs/scratch/jtl334/thesis/pipeline/workflow/Snakefile:
Command 'set -euo pipefail;  /gpfs/home/jtl334/.conda/envs/pipeline/bin/python3.7 /gpfs/scratch/jtl334/thesis/pipeline/.snakemake/scripts/tmptofn9882.split_file.py' returned non-zero exit status 1.
  File "/gpfs/scratch/jtl334/thesis/pipeline/workflow/Snakefile", line 21, in __rule_split_motifs
  File "/gpfs/home/jtl334/.conda/envs/pipeline/lib/python3.7/concurrent/futures/thread.py", line 57, in run
Shutting down, this might take some time.
Exiting because a job execution failed. Look above for error message
Complete log: .snakemake/log/2022-05-23T194444.684227.snakemake.log
