Building DAG of jobs...
The code used to generate one or several output files has changed:
    To inspect which output files have changes, run 'snakemake --list-code-changes'.
    To trigger a re-run, use 'snakemake -R $(snakemake --list-code-changes)'.
Using shell: /usr/bin/bash
Provided cores: 1 (use --cores to define parallelism)
Rules claiming more threads will be scaled down.
Job stats:
job                     count    min threads    max threads
--------------------  -------  -------------  -------------
combine_fimo_output         1              1              1
generate_tf_database        1              1              1
run_fimo                    1              1              1
total                       3              1              1

Select jobs to execute...

[Tue May 24 09:49:42 2022]
rule run_fimo:
    input: data/9mers.fa, temp/JASPAR2022_CORE_vertebrates_non-redundant_pfms_meme.0.txt
    output: temp/JASPAR2022_CORE_vertebrates_non-redundant_pfms_meme.9mers.0.fimo.txt
    jobid: 2
    wildcards: tf_database_file=JASPAR2022_CORE_vertebrates_non-redundant_pfms_meme, word_length=9, i=0
    resources: tmpdir=/tmp

Terminating processes on user request, this might take some time.
[Tue May 24 09:50:11 2022]
Error in rule run_fimo:
    jobid: 2
    output: temp/JASPAR2022_CORE_vertebrates_non-redundant_pfms_meme.9mers.0.fimo.txt
    shell:
        fimo --skip-matched-sequence temp/JASPAR2022_CORE_vertebrates_non-redundant_pfms_meme.0.txt data/9mers.fa > temp/JASPAR2022_CORE_vertebrates_non-redundant_pfms_meme.9mers.0.fimo.txt
        (one of the commands exited with non-zero exit code; note that snakemake uses bash strict mode!)

The code used to generate one or several output files has changed:
    To inspect which output files have changes, run 'snakemake --list-code-changes'.
    To trigger a re-run, use 'snakemake -R $(snakemake --list-code-changes)'.
Complete log: .snakemake/log/2022-05-24T094941.684893.snakemake.log
