Building DAG of jobs...
Using shell: /usr/bin/bash
Provided cores: 1 (use --cores to define parallelism)
Rules claiming more threads will be scaled down.
Job stats:
job             count    min threads    max threads
------------  -------  -------------  -------------
split_motifs        1              1              1
total               1              1              1

Select jobs to execute...

[Sun May 22 16:20:24 2022]
localrule split_motifs:
    output: data/tf_database/JASPAR2022_CORE_vertebrates_non-redundant_pfms_meme.txt_0, data/tf_database/JASPAR2022_CORE_vertebrates_non-redundant_pfms_meme.txt_1, data/tf_database/JASPAR2022_CORE_vertebrates_non-redundant_pfms_meme.txt_2, data/tf_database/JASPAR2022_CORE_vertebrates_non-redundant_pfms_meme.txt_3, data/tf_database/JASPAR2022_CORE_vertebrates_non-redundant_pfms_meme.txt_4, data/tf_database/JASPAR2022_CORE_vertebrates_non-redundant_pfms_meme.txt_5, data/tf_database/JASPAR2022_CORE_vertebrates_non-redundant_pfms_meme.txt_6, data/tf_database/JASPAR2022_CORE_vertebrates_non-redundant_pfms_meme.txt_7, data/tf_database/JASPAR2022_CORE_vertebrates_non-redundant_pfms_meme.txt_8, data/tf_database/JASPAR2022_CORE_vertebrates_non-redundant_pfms_meme.txt_9
    jobid: 0
    resources: tmpdir=/tmp

Waiting at most 5 seconds for missing files.
MissingOutputException in line 14 of /gpfs/scratch/jtl334/thesis/pipeline/workflow/Snakefile:
Job Missing files after 5 seconds. This might be due to filesystem latency. If that is the case, consider to increase the wait time with --latency-wait:
data/tf_database/JASPAR2022_CORE_vertebrates_non-redundant_pfms_meme.txt_0
data/tf_database/JASPAR2022_CORE_vertebrates_non-redundant_pfms_meme.txt_1
data/tf_database/JASPAR2022_CORE_vertebrates_non-redundant_pfms_meme.txt_2
data/tf_database/JASPAR2022_CORE_vertebrates_non-redundant_pfms_meme.txt_3
data/tf_database/JASPAR2022_CORE_vertebrates_non-redundant_pfms_meme.txt_4
data/tf_database/JASPAR2022_CORE_vertebrates_non-redundant_pfms_meme.txt_5
data/tf_database/JASPAR2022_CORE_vertebrates_non-redundant_pfms_meme.txt_6
data/tf_database/JASPAR2022_CORE_vertebrates_non-redundant_pfms_meme.txt_7
data/tf_database/JASPAR2022_CORE_vertebrates_non-redundant_pfms_meme.txt_8
data/tf_database/JASPAR2022_CORE_vertebrates_non-redundant_pfms_meme.txt_9 completed successfully, but some output files are missing. 0
Shutting down, this might take some time.
Exiting because a job execution failed. Look above for error message
Complete log: .snakemake/log/2022-05-22T162023.042363.snakemake.log
