Building DAG of jobs...
Using shell: /usr/bin/bash
Provided cores: 1 (use --cores to define parallelism)
Rules claiming more threads will be scaled down.
Job stats:
job             count    min threads    max threads
------------  -------  -------------  -------------
all                 1              1              1
enriched_tfs        1              1              1
get_kmers           1              1              1
gkm_predict         1              1              1
gkm_train           1              1              1
total               5              1              1

Select jobs to execute...

[Thu May 12 22:45:38 2022]
rule gkm_train:
    input: data/samples/wgEncodeSydhTfbsGm12878Nfe2hStdAlnRep0.tr.fa, data/samples/wgEncodeSydhTfbsGm12878Nfe2hStdAlnRep0.neg.tr.fa
    output: model/{config[sample-name]}.model.txt
    jobid: 4
    resources: tmpdir=/tmp

Terminating processes on user request, this might take some time.
[Thu May 12 22:45:40 2022]
Error in rule gkm_train:
    jobid: 4
    output: model/{config[sample-name]}.model.txt
    shell:
        ../lsgkm/bin/gkmtrain data/samples/wgEncodeSydhTfbsGm12878Nfe2hStdAlnRep0.tr.fa data/samples/wgEncodeSydhTfbsGm12878Nfe2hStdAlnRep0.neg.tr.fa model/wgEncodeSydhTfbsGm12878Nfe2hStdAlnRep0
        (one of the commands exited with non-zero exit code; note that snakemake uses bash strict mode!)

Complete log: .snakemake/log/2022-05-12T224536.006095.snakemake.log
