Building DAG of jobs...
Using shell: /usr/bin/bash
Provided cluster nodes: 10
Job stats:
job                     count    min threads    max threads
--------------------  -------  -------------  -------------
combine_fimo_output         1              1              1
generate_tf_database        1              1              1
run_fimo                   10              1              1
split_motifs                1              1              1
total                      13              1              1

Select jobs to execute...

[Tue May 24 10:11:22 2022]
rule split_motifs:
    input: data/tf_database/JASPAR2022_CORE_vertebrates_non-redundant_pfms_meme.txt
    output: temp/JASPAR2022_CORE_vertebrates_non-redundant_pfms_meme.0.txt, temp/JASPAR2022_CORE_vertebrates_non-redundant_pfms_meme.1.txt, temp/JASPAR2022_CORE_vertebrates_non-redundant_pfms_meme.2.txt, temp/JASPAR2022_CORE_vertebrates_non-redundant_pfms_meme.3.txt, temp/JASPAR2022_CORE_vertebrates_non-redundant_pfms_meme.4.txt, temp/JASPAR2022_CORE_vertebrates_non-redundant_pfms_meme.5.txt, temp/JASPAR2022_CORE_vertebrates_non-redundant_pfms_meme.6.txt, temp/JASPAR2022_CORE_vertebrates_non-redundant_pfms_meme.7.txt, temp/JASPAR2022_CORE_vertebrates_non-redundant_pfms_meme.8.txt, temp/JASPAR2022_CORE_vertebrates_non-redundant_pfms_meme.9.txt
    jobid: 4
    wildcards: tf_database_file=JASPAR2022_CORE_vertebrates_non-redundant_pfms_meme
    resources: mem_mb=1000, disk_mb=1000, tmpdir=/tmp

Submitted job 4 with external jobid 'Submitted batch job 17284209'.
[Tue May 24 10:11:32 2022]
Finished job 4.
1 of 13 steps (8%) done
Select jobs to execute...

[Tue May 24 10:11:32 2022]
rule run_fimo:
    input: data/9mers.fa, temp/JASPAR2022_CORE_vertebrates_non-redundant_pfms_meme.9.txt
    output: temp/JASPAR2022_CORE_vertebrates_non-redundant_pfms_meme.9mers.9.fimo.txt
    jobid: 13
    wildcards: tf_database_file=JASPAR2022_CORE_vertebrates_non-redundant_pfms_meme, word_length=9, i=9
    resources: mem_mb=1000, disk_mb=1000, tmpdir=/tmp

Submitted job 13 with external jobid 'Submitted batch job 17284210'.

[Tue May 24 10:11:32 2022]
rule run_fimo:
    input: data/9mers.fa, temp/JASPAR2022_CORE_vertebrates_non-redundant_pfms_meme.2.txt
    output: temp/JASPAR2022_CORE_vertebrates_non-redundant_pfms_meme.9mers.2.fimo.txt
    jobid: 6
    wildcards: tf_database_file=JASPAR2022_CORE_vertebrates_non-redundant_pfms_meme, word_length=9, i=2
    resources: mem_mb=1000, disk_mb=1000, tmpdir=/tmp

Submitted job 6 with external jobid 'Submitted batch job 17284211'.

[Tue May 24 10:11:32 2022]
rule run_fimo:
    input: data/9mers.fa, temp/JASPAR2022_CORE_vertebrates_non-redundant_pfms_meme.4.txt
    output: temp/JASPAR2022_CORE_vertebrates_non-redundant_pfms_meme.9mers.4.fimo.txt
    jobid: 8
    wildcards: tf_database_file=JASPAR2022_CORE_vertebrates_non-redundant_pfms_meme, word_length=9, i=4
    resources: mem_mb=1000, disk_mb=1000, tmpdir=/tmp

Submitted job 8 with external jobid 'Submitted batch job 17284212'.

[Tue May 24 10:11:32 2022]
rule run_fimo:
    input: data/9mers.fa, temp/JASPAR2022_CORE_vertebrates_non-redundant_pfms_meme.6.txt
    output: temp/JASPAR2022_CORE_vertebrates_non-redundant_pfms_meme.9mers.6.fimo.txt
    jobid: 10
    wildcards: tf_database_file=JASPAR2022_CORE_vertebrates_non-redundant_pfms_meme, word_length=9, i=6
    resources: mem_mb=1000, disk_mb=1000, tmpdir=/tmp

Submitted job 10 with external jobid 'Submitted batch job 17284213'.

[Tue May 24 10:11:32 2022]
rule run_fimo:
    input: data/9mers.fa, temp/JASPAR2022_CORE_vertebrates_non-redundant_pfms_meme.1.txt
    output: temp/JASPAR2022_CORE_vertebrates_non-redundant_pfms_meme.9mers.1.fimo.txt
    jobid: 5
    wildcards: tf_database_file=JASPAR2022_CORE_vertebrates_non-redundant_pfms_meme, word_length=9, i=1
    resources: mem_mb=1000, disk_mb=1000, tmpdir=/tmp

Submitted job 5 with external jobid 'Submitted batch job 17284214'.

[Tue May 24 10:11:32 2022]
rule run_fimo:
    input: data/9mers.fa, temp/JASPAR2022_CORE_vertebrates_non-redundant_pfms_meme.8.txt
    output: temp/JASPAR2022_CORE_vertebrates_non-redundant_pfms_meme.9mers.8.fimo.txt
    jobid: 12
    wildcards: tf_database_file=JASPAR2022_CORE_vertebrates_non-redundant_pfms_meme, word_length=9, i=8
    resources: mem_mb=1000, disk_mb=1000, tmpdir=/tmp

Submitted job 12 with external jobid 'Submitted batch job 17284215'.

[Tue May 24 10:11:32 2022]
rule run_fimo:
    input: data/9mers.fa, temp/JASPAR2022_CORE_vertebrates_non-redundant_pfms_meme.3.txt
    output: temp/JASPAR2022_CORE_vertebrates_non-redundant_pfms_meme.9mers.3.fimo.txt
    jobid: 7
    wildcards: tf_database_file=JASPAR2022_CORE_vertebrates_non-redundant_pfms_meme, word_length=9, i=3
    resources: mem_mb=1000, disk_mb=1000, tmpdir=/tmp

Submitted job 7 with external jobid 'Submitted batch job 17284216'.

[Tue May 24 10:11:32 2022]
rule run_fimo:
    input: data/9mers.fa, temp/JASPAR2022_CORE_vertebrates_non-redundant_pfms_meme.0.txt
    output: temp/JASPAR2022_CORE_vertebrates_non-redundant_pfms_meme.9mers.0.fimo.txt
    jobid: 2
    wildcards: tf_database_file=JASPAR2022_CORE_vertebrates_non-redundant_pfms_meme, word_length=9, i=0
    resources: mem_mb=1000, disk_mb=1000, tmpdir=/tmp

Submitted job 2 with external jobid 'Submitted batch job 17284217'.

[Tue May 24 10:11:32 2022]
rule run_fimo:
    input: data/9mers.fa, temp/JASPAR2022_CORE_vertebrates_non-redundant_pfms_meme.5.txt
    output: temp/JASPAR2022_CORE_vertebrates_non-redundant_pfms_meme.9mers.5.fimo.txt
    jobid: 9
    wildcards: tf_database_file=JASPAR2022_CORE_vertebrates_non-redundant_pfms_meme, word_length=9, i=5
    resources: mem_mb=1000, disk_mb=1000, tmpdir=/tmp

Submitted job 9 with external jobid 'Submitted batch job 17284218'.

[Tue May 24 10:11:32 2022]
rule run_fimo:
    input: data/9mers.fa, temp/JASPAR2022_CORE_vertebrates_non-redundant_pfms_meme.7.txt
    output: temp/JASPAR2022_CORE_vertebrates_non-redundant_pfms_meme.9mers.7.fimo.txt
    jobid: 11
    wildcards: tf_database_file=JASPAR2022_CORE_vertebrates_non-redundant_pfms_meme, word_length=9, i=7
    resources: mem_mb=1000, disk_mb=1000, tmpdir=/tmp

Submitted job 11 with external jobid 'Submitted batch job 17284219'.
