Building DAG of jobs...
Using shell: /usr/bin/bash
Provided cores: 1 (use --cores to define parallelism)
Rules claiming more threads will be scaled down.
Job stats:
job             count    min threads    max threads
------------  -------  -------------  -------------
all                 1              1              1
enriched_tfs        1              1              1
total               2              1              1

Select jobs to execute...

[Mon May 16 12:52:42 2022]
rule enriched_tfs:
    input: weights/wgEncodeSydhTfbsGm12878Nfe2hStdAlnRep0.10mers.svmw.txt
    output: expr_enriched_tfs.wgEncodeSydhTfbsGm12878Nfe2hStdAlnRep0.10mers.txt
    jobid: 1
    wildcards: sample=wgEncodeSydhTfbsGm12878Nfe2hStdAlnRep0, word_length=10
    resources: tmpdir=/tmp

[Mon May 16 12:52:42 2022]
Error in rule enriched_tfs:
    jobid: 1
    output: expr_enriched_tfs.wgEncodeSydhTfbsGm12878Nfe2hStdAlnRep0.10mers.txt
    shell:
        python scripts/count_kmers_per_motif.py -E weights/wgEncodeSydhTfbsGm12878Nfe2hStdAlnRep0.10mers.svmw.txt wgEncodeSydhTfbsGm12878Nfe2hStdAlnRep0 ../TF_fam.txt
        (one of the commands exited with non-zero exit code; note that snakemake uses bash strict mode!)

Shutting down, this might take some time.
Exiting because a job execution failed. Look above for error message
Complete log: .snakemake/log/2022-05-16T125241.790756.snakemake.log
