Building DAG of jobs...
The code used to generate one or several output files has changed:
    To inspect which output files have changes, run 'snakemake --list-code-changes'.
    To trigger a re-run, use 'snakemake -R $(snakemake --list-code-changes)'.
Using shell: /usr/bin/bash
Provided cores: 1 (use --cores to define parallelism)
Rules claiming more threads will be scaled down.
Job stats:
job             count    min threads    max threads
------------  -------  -------------  -------------
all                 1              1              1
enriched_tfs        1              1              1
total               2              1              1

Select jobs to execute...

[Mon May 16 13:17:11 2022]
rule enriched_tfs:
    input: weights/wgEncodeSydhTfbsGm12878Nfe2hStdAlnRep0.11mers.svmw.txt
    output: expr_enriched_tfs.wgEncodeSydhTfbsGm12878Nfe2hStdAlnRep0.11mers.txt
    jobid: 1
    wildcards: sample=wgEncodeSydhTfbsGm12878Nfe2hStdAlnRep0, word_length=11
    resources: tmpdir=/tmp

[Mon May 16 13:20:46 2022]
Finished job 1.
1 of 2 steps (50%) done
Select jobs to execute...

[Mon May 16 13:20:46 2022]
localrule all:
    input: expr_enriched_tfs.wgEncodeSydhTfbsGm12878Nfe2hStdAlnRep0.11mers.txt
    jobid: 0
    resources: tmpdir=/tmp

[Mon May 16 13:20:46 2022]
Finished job 0.
2 of 2 steps (100%) done
The code used to generate one or several output files has changed:
    To inspect which output files have changes, run 'snakemake --list-code-changes'.
    To trigger a re-run, use 'snakemake -R $(snakemake --list-code-changes)'.
Complete log: .snakemake/log/2022-05-16T131711.112211.snakemake.log
