Building DAG of jobs...
Using shell: /usr/bin/bash
Provided cores: 1 (use --cores to define parallelism)
Rules claiming more threads will be scaled down.
Job stats:
job             count    min threads    max threads
------------  -------  -------------  -------------
all                 1              1              1
enriched_tfs        1              1              1
get_kmers           1              1              1
gkm_predict         1              1              1
gkm_train           1              1              1
total               5              1              1

Select jobs to execute...

[Sun May 15 22:51:15 2022]
rule gkm_train:
    input: data/samples/wgEncodeSydhTfbsGm12878Nfe2hStdAlnRep0.tr.fa, data/samples/wgEncodeSydhTfbsGm12878Nfe2hStdAlnRep0.neg.tr.fa
    output: model/wgEncodeSydhTfbsGm12878Nfe2hStdAlnRep0.10mers.model.txt
    jobid: 4
    wildcards: sample=wgEncodeSydhTfbsGm12878Nfe2hStdAlnRep0, word_length=10
    resources: tmpdir=/tmp

[Sun May 15 22:52:06 2022]
Finished job 4.
1 of 5 steps (20%) done
Select jobs to execute...

[Sun May 15 22:52:06 2022]
rule get_kmers:
    output: data/10mers.fa
    jobid: 3
    wildcards: word_length=10
    resources: tmpdir=/tmp

[Sun May 15 22:52:11 2022]
Finished job 3.
2 of 5 steps (40%) done
Select jobs to execute...

[Sun May 15 22:52:11 2022]
rule gkm_predict:
    input: data/10mers.fa, model/wgEncodeSydhTfbsGm12878Nfe2hStdAlnRep0.10mers.model.txt
    output: weights/wgEncodeSydhTfbsGm12878Nfe2hStdAlnRep0.10mers.svmw.txt
    jobid: 2
    wildcards: sample=wgEncodeSydhTfbsGm12878Nfe2hStdAlnRep0, word_length=10
    resources: tmpdir=/tmp

[Sun May 15 22:53:17 2022]
Finished job 2.
3 of 5 steps (60%) done
Select jobs to execute...

[Sun May 15 22:53:17 2022]
rule enriched_tfs:
    input: weights/wgEncodeSydhTfbsGm12878Nfe2hStdAlnRep0.10mers.svmw.txt
    output: expr_enriched_tfs.wgEncodeSydhTfbsGm12878Nfe2hStdAlnRep0.10mers.txt
    jobid: 1
    wildcards: sample=wgEncodeSydhTfbsGm12878Nfe2hStdAlnRep0, word_length=10
    resources: tmpdir=/tmp

[Sun May 15 22:53:17 2022]
Error in rule enriched_tfs:
    jobid: 1
    output: expr_enriched_tfs.wgEncodeSydhTfbsGm12878Nfe2hStdAlnRep0.10mers.txt

RuleException:
CalledProcessError in line 41 of /gpfs/scratch/jtl334/thesis/pipeline/workflow/Snakefile:
Command 'set -euo pipefail;  /gpfs/home/jtl334/.conda/envs/pipeline/bin/python3.7 /gpfs/scratch/jtl334/thesis/pipeline/.snakemake/scripts/tmpi21uve3z.count_kmers_per_motif.py' returned non-zero exit status 1.
  File "/gpfs/scratch/jtl334/thesis/pipeline/workflow/Snakefile", line 41, in __rule_enriched_tfs
  File "/gpfs/home/jtl334/.conda/envs/pipeline/lib/python3.7/concurrent/futures/thread.py", line 57, in run
Shutting down, this might take some time.
Exiting because a job execution failed. Look above for error message
Complete log: .snakemake/log/2022-05-15T225114.975115.snakemake.log
