Building DAG of jobs...
Using shell: /usr/bin/bash
Provided cores: 10
Rules claiming more threads will be scaled down.
Job stats:
job                    count    min threads    max threads
-------------------  -------  -------------  -------------
combine_fimo_output        1              1              1
run_fimo                  10              1              1
split_motifs               1              1              1
total                     12              1              1

Select jobs to execute...

[Mon May 23 19:45:14 2022]
rule split_motifs:
    input: data/tf_database/JASPAR2022_CORE_vertebrates_non-redundant_pfms_meme.txt
    output: JASPAR2022_CORE_vertebrates_non-redundant_pfms_meme.0.txt, JASPAR2022_CORE_vertebrates_non-redundant_pfms_meme.1.txt, JASPAR2022_CORE_vertebrates_non-redundant_pfms_meme.2.txt, JASPAR2022_CORE_vertebrates_non-redundant_pfms_meme.3.txt, JASPAR2022_CORE_vertebrates_non-redundant_pfms_meme.4.txt, JASPAR2022_CORE_vertebrates_non-redundant_pfms_meme.5.txt, JASPAR2022_CORE_vertebrates_non-redundant_pfms_meme.6.txt, JASPAR2022_CORE_vertebrates_non-redundant_pfms_meme.7.txt, JASPAR2022_CORE_vertebrates_non-redundant_pfms_meme.8.txt, JASPAR2022_CORE_vertebrates_non-redundant_pfms_meme.9.txt
    jobid: 3
    wildcards: tf_database_file=JASPAR2022_CORE_vertebrates_non-redundant_pfms_meme
    resources: tmpdir=/tmp

[Mon May 23 19:45:14 2022]
Finished job 3.
1 of 12 steps (8%) done
Select jobs to execute...

[Mon May 23 19:45:15 2022]
rule run_fimo:
    input: data/9mers.fa, JASPAR2022_CORE_vertebrates_non-redundant_pfms_meme.3.txt
    output: JASPAR2022_CORE_vertebrates_non-redundant_pfms_meme.9mers.3.fimo.txt
    jobid: 6
    wildcards: tf_database_file=JASPAR2022_CORE_vertebrates_non-redundant_pfms_meme, word_length=9, i=3
    resources: tmpdir=/tmp


[Mon May 23 19:45:15 2022]
rule run_fimo:
    input: data/9mers.fa, JASPAR2022_CORE_vertebrates_non-redundant_pfms_meme.0.txt
    output: JASPAR2022_CORE_vertebrates_non-redundant_pfms_meme.9mers.0.fimo.txt
    jobid: 1
    wildcards: tf_database_file=JASPAR2022_CORE_vertebrates_non-redundant_pfms_meme, word_length=9, i=0
    resources: tmpdir=/tmp


[Mon May 23 19:45:15 2022]
rule run_fimo:
    input: data/9mers.fa, JASPAR2022_CORE_vertebrates_non-redundant_pfms_meme.5.txt
    output: JASPAR2022_CORE_vertebrates_non-redundant_pfms_meme.9mers.5.fimo.txt
    jobid: 8
    wildcards: tf_database_file=JASPAR2022_CORE_vertebrates_non-redundant_pfms_meme, word_length=9, i=5
    resources: tmpdir=/tmp


[Mon May 23 19:45:15 2022]
rule run_fimo:
    input: data/9mers.fa, JASPAR2022_CORE_vertebrates_non-redundant_pfms_meme.7.txt
    output: JASPAR2022_CORE_vertebrates_non-redundant_pfms_meme.9mers.7.fimo.txt
    jobid: 10
    wildcards: tf_database_file=JASPAR2022_CORE_vertebrates_non-redundant_pfms_meme, word_length=9, i=7
    resources: tmpdir=/tmp


[Mon May 23 19:45:15 2022]
rule run_fimo:
    input: data/9mers.fa, JASPAR2022_CORE_vertebrates_non-redundant_pfms_meme.2.txt
    output: JASPAR2022_CORE_vertebrates_non-redundant_pfms_meme.9mers.2.fimo.txt
    jobid: 5
    wildcards: tf_database_file=JASPAR2022_CORE_vertebrates_non-redundant_pfms_meme, word_length=9, i=2
    resources: tmpdir=/tmp


[Mon May 23 19:45:15 2022]
rule run_fimo:
    input: data/9mers.fa, JASPAR2022_CORE_vertebrates_non-redundant_pfms_meme.9.txt
    output: JASPAR2022_CORE_vertebrates_non-redundant_pfms_meme.9mers.9.fimo.txt
    jobid: 12
    wildcards: tf_database_file=JASPAR2022_CORE_vertebrates_non-redundant_pfms_meme, word_length=9, i=9
    resources: tmpdir=/tmp


[Mon May 23 19:45:15 2022]
rule run_fimo:
    input: data/9mers.fa, JASPAR2022_CORE_vertebrates_non-redundant_pfms_meme.4.txt
    output: JASPAR2022_CORE_vertebrates_non-redundant_pfms_meme.9mers.4.fimo.txt
    jobid: 7
    wildcards: tf_database_file=JASPAR2022_CORE_vertebrates_non-redundant_pfms_meme, word_length=9, i=4
    resources: tmpdir=/tmp


[Mon May 23 19:45:15 2022]
rule run_fimo:
    input: data/9mers.fa, JASPAR2022_CORE_vertebrates_non-redundant_pfms_meme.6.txt
    output: JASPAR2022_CORE_vertebrates_non-redundant_pfms_meme.9mers.6.fimo.txt
    jobid: 9
    wildcards: tf_database_file=JASPAR2022_CORE_vertebrates_non-redundant_pfms_meme, word_length=9, i=6
    resources: tmpdir=/tmp


[Mon May 23 19:45:15 2022]
rule run_fimo:
    input: data/9mers.fa, JASPAR2022_CORE_vertebrates_non-redundant_pfms_meme.1.txt
    output: JASPAR2022_CORE_vertebrates_non-redundant_pfms_meme.9mers.1.fimo.txt
    jobid: 4
    wildcards: tf_database_file=JASPAR2022_CORE_vertebrates_non-redundant_pfms_meme, word_length=9, i=1
    resources: tmpdir=/tmp


[Mon May 23 19:45:15 2022]
rule run_fimo:
    input: data/9mers.fa, JASPAR2022_CORE_vertebrates_non-redundant_pfms_meme.8.txt
    output: JASPAR2022_CORE_vertebrates_non-redundant_pfms_meme.9mers.8.fimo.txt
    jobid: 11
    wildcards: tf_database_file=JASPAR2022_CORE_vertebrates_non-redundant_pfms_meme, word_length=9, i=8
    resources: tmpdir=/tmp

