Building DAG of jobs...
Using shell: /usr/bin/bash
Provided cluster nodes: 15
Job stats:
job                    count    min threads    max threads
-------------------  -------  -------------  -------------
combine_fimo_output        1              1              1
run_fimo                   5              1              1
split_motifs               1              1              1
total                      7              1              1

Select jobs to execute...

[Mon May 23 23:44:24 2022]
rule split_motifs:
    input: data/tf_database/JASPAR2022_CORE_vertebrates_non-redundant_pfms_meme.txt
    output: data/tf_database/JASPAR2022_CORE_vertebrates_non-redundant_pfms_meme.0.txt, data/tf_database/JASPAR2022_CORE_vertebrates_non-redundant_pfms_meme.1.txt, data/tf_database/JASPAR2022_CORE_vertebrates_non-redundant_pfms_meme.2.txt, data/tf_database/JASPAR2022_CORE_vertebrates_non-redundant_pfms_meme.3.txt, data/tf_database/JASPAR2022_CORE_vertebrates_non-redundant_pfms_meme.4.txt
    jobid: 3
    wildcards: tf_database_file=JASPAR2022_CORE_vertebrates_non-redundant_pfms_meme
    resources: mem_mb=1000, disk_mb=1000, tmpdir=/tmp

Submitted job 3 with external jobid 'Submitted batch job 17280824'.
Waiting at most 5 seconds for missing files.
MissingOutputException in line 29 of /gpfs/scratch/jtl334/thesis/pipeline/workflow/Snakefile:
Job Missing files after 5 seconds. This might be due to filesystem latency. If that is the case, consider to increase the wait time with --latency-wait:
data/tf_database/JASPAR2022_CORE_vertebrates_non-redundant_pfms_meme.1.txt
data/tf_database/JASPAR2022_CORE_vertebrates_non-redundant_pfms_meme.2.txt
data/tf_database/JASPAR2022_CORE_vertebrates_non-redundant_pfms_meme.3.txt
data/tf_database/JASPAR2022_CORE_vertebrates_non-redundant_pfms_meme.4.txt completed successfully, but some output files are missing. 3
Removing output files of failed job split_motifs since they might be corrupted:
data/tf_database/JASPAR2022_CORE_vertebrates_non-redundant_pfms_meme.0.txt
Shutting down, this might take some time.
Exiting because a job execution failed. Look above for error message
Complete log: .snakemake/log/2022-05-23T234424.351314.snakemake.log
