Building DAG of jobs...
Using shell: /usr/bin/bash
Provided cores: 1 (use --cores to define parallelism)
Rules claiming more threads will be scaled down.
Job stats:
job             count    min threads    max threads
------------  -------  -------------  -------------
all                 1              1              1
enriched_tfs        1              1              1
get_kmers           1              1              1
gkm_predict         1              1              1
total               4              1              1

Select jobs to execute...

[Sun May 15 22:37:29 2022]
rule get_kmers:
    output: data/9mers.fa
    jobid: 3
    wildcards: word_length=9
    resources: tmpdir=/tmp

Waiting at most 5 seconds for missing files.
Terminating processes on user request, this might take some time.
Complete log: .snakemake/log/2022-05-15T223728.681537.snakemake.log
